<?xml version="1.0" encoding="UTF-8"?>
<testng-results ignored="0" total="1" passed="1" failed="0" skipped="0">
  <reporter-output>
  </reporter-output>
  <suite started-at="2021-12-26T00:51:17 EST" name="basicTest.myClassesTest" finished-at="2021-12-26T00:51:17 EST" duration-ms="38">
    <groups>
    </groups>
    <test started-at="2021-12-26T00:51:17 EST" name="Command line test" finished-at="2021-12-26T00:51:17 EST" duration-ms="38">
      <class name="basicTest.myClassesTest">
        <test-method signature="testMyMethod()[pri:0, instance:basicTest.myClassesTest@35cabb2a]" started-at="2021-12-26T00:51:17 EST" name="testMyMethod" finished-at="2021-12-26T00:51:17 EST" duration-ms="16" status="PASS">
          <reporter-output>
          </reporter-output>
        </test-method> <!-- testMyMethod -->
      </class> <!-- basicTest.myClassesTest -->
    </test> <!-- Command line test -->
  </suite> <!-- basicTest.myClassesTest -->
</testng-results>
